#
# A fatal error has been detected by the Java Runtime Environment:
#
#  EXCEPTION_ACCESS_VIOLATION (0xc0000005) at pc=0x00007ffac9707897, pid=15724, tid=17940
#
# JRE version: OpenJDK Runtime Environment Temurin-17.0.4.1+1 (17.0.4.1+1) (build 17.0.4.1+1)
# Java VM: OpenJDK 64-Bit Server VM Temurin-17.0.4.1+1 (17.0.4.1+1, mixed mode, sharing, tiered, compressed oops, compressed class ptrs, g1 gc, windows-amd64)
# Problematic frame:
# C  [prism_d3d.dll+0x7897]
#
# No core dump will be written. Minidumps are not enabled by default on client versions of Windows
#
# If you would like to submit a bug report, please visit:
#   https://github.com/adoptium/adoptium-support/issues
# The crash happened outside the Java Virtual Machine in native code.
# See problematic frame for where to report the bug.
#

---------------  S U M M A R Y ------------

Command Line: -XX:MaxGCPauseMillis=50 -agentlib:jdwp=transport=dt_shmem,address=javadebug -Dfile.encoding=UTF-8 bluej.runtime.ExecServer UTF-8

Host: 12th Gen Intel(R) Core(TM) i7-1260P, 16 cores, 15G,  Windows 10 , 64 bit Build 19041 (10.0.19041.5198)
Time: Fri Jan 10 18:56:57 2025 Eastern Standard Time elapsed time: 6995.990596 seconds (0d 1h 56m 35s)

---------------  T H R E A D  ---------------

Current thread (0x000001ea051c0190):  JavaThread "JavaFX Application Thread" [_thread_in_native, id=17940, stack(0x0000001dc8c00000,0x0000001dc8d00000)]

Stack: [0x0000001dc8c00000,0x0000001dc8d00000],  sp=0x0000001dc8cfe890,  free space=1018k
Native frames: (J=compiled Java code, j=interpreted, Vv=VM code, C=native code)
C  [prism_d3d.dll+0x7897]

Java frames: (J=compiled Java code, j=interpreted, Vv=VM code)
j  com.sun.prism.d3d.D3DPipeline.nGetAdapterOrdinal(J)I+0
j  com.sun.prism.d3d.D3DPipeline.getAdapterOrdinal(Lcom/sun/glass/ui/Screen;)I+4
j  com.sun.javafx.tk.quantum.QuantumToolkit.assignScreensAdapters()V+35
j  com.sun.javafx.tk.quantum.QuantumToolkit.notifyScreenListener(Lcom/sun/javafx/tk/TKScreenConfigurationListener;)V+0
j  com.sun.javafx.tk.quantum.QuantumToolkit$4.handleSettingsChanged()V+4
j  com.sun.glass.ui.Screen.notifySettingsChanged()V+16
v  ~StubRoutines::call_stub
j  com.sun.glass.ui.win.WinApplication._runLoop(Ljava/lang/Runnable;)V+0
j  com.sun.glass.ui.win.WinApplication.lambda$runLoop$3(ILjava/lang/Runnable;)V+8
j  com.sun.glass.ui.win.WinApplication$$Lambda$97+0x0000000800ce6248.run()V+12
j  java.lang.Thread.run()V+11 java.base@17.0.4.1
v  ~StubRoutines::call_stub

siginfo: EXCEPTION_ACCESS_VIOLATION (0xc0000005), reading address 0x0000000000000000


Register to memory mapping:

RIP=0x00007ffac9707897 prism_d3d.dll
RAX=0x0 is NULL
RBX=0x0000000000000001 is an unknown value
RCX=0x0 is NULL
RDX=0x0000000000000001 is an unknown value
RSP=0x0000001dc8cfe890 is pointing into the stack for thread: 0x000001ea051c0190
RBP=0x000000000928074d is an unknown value
RSI=0x000001ea051b4d20 points into unknown readable memory: 0x6d6f635f00000002 | 02 00 00 00 5f 63 6f 6d
RDI=0x0000000000000002 is an unknown value
R8 =0x0 is NULL
R9 =0x00007ffaa9a68b00 d3d9.dll
R10=0x0 is NULL
R11=0x0000000080070057 is an unknown value
R12=0x0 is NULL
R13={method} {0x000001ea03281780} 'nGetAdapterOrdinal' '(J)I' in 'com/sun/prism/d3d/D3DPipeline'
R14=0x0000001dc8cfe960 is pointing into the stack for thread: 0x000001ea051c0190
R15=0x000001ea051c0190 is a thread


Registers:
RAX=0x0000000000000000, RBX=0x0000000000000001, RCX=0x0000000000000000, RDX=0x0000000000000001
RSP=0x0000001dc8cfe890, RBP=0x000000000928074d, RSI=0x000001ea051b4d20, RDI=0x0000000000000002
R8 =0x0000000000000000, R9 =0x00007ffaa9a68b00, R10=0x0000000000000000, R11=0x0000000080070057
R12=0x0000000000000000, R13=0x000001ea03281778, R14=0x0000001dc8cfe960, R15=0x000001ea051c0190
RIP=0x00007ffac9707897, EFLAGS=0x0000000000010297

Top of Stack: (sp=0x0000001dc8cfe890)
0x0000001dc8cfe890:   0000000000000000 000001ea051b4d20
0x0000001dc8cfe8a0:   000001ea04f1d6d0 000000000928074d
0x0000001dc8cfe8b0:   0000000000000000 000001ea66d41366
0x0000001dc8cfe8c0:   000001ea03281778 0000000000000001
0x0000001dc8cfe8d0:   0000001dc8cfe938 00007ffa00000000
0x0000001dc8cfe8e0:   0000000000000000 0000000800000000
0x0000001dc8cfe8f0:   0000001dc8cfe8f0 0000000000000000
0x0000001dc8cfe900:   0000001dc8cfe960 000001ea03284208
0x0000001dc8cfe910:   0000000000000000 00000007050f0310
0x0000001dc8cfe920:   000001ea03281778 0000000000000000
0x0000001dc8cfe930:   0000001dc8cfe958 0000001dc8cfe9b0
0x0000001dc8cfe940:   000001ea66d3a322 00000007050f0310
0x0000001dc8cfe950:   000001ea66d3d4f6 000000000928074d
0x0000001dc8cfe960:   0000000000000000 0000001dc8cfe968
0x0000001dc8cfe970:   000001ea03281ebc 0000001dc8cfe9c8
0x0000001dc8cfe980:   000001ea03284208 0000000000000000 

Instructions: (pc=0x00007ffac9707897)
0x00007ffac9707797:   c5 ef 01 00 e8 20 2f 00 00 bb 01 00 00 00 eb 40
0x00007ffac97077a7:   4c 8d 05 ca ef 01 00 e8 0d 2f 00 00 bb 02 00 00
0x00007ffac97077b7:   00 eb 2d 33 d2 89 4c 24 20 4c 8d 05 c9 f0 01 00
0x00007ffac97077c7:   8d 4a 03 e8 f1 2e 00 00 eb 11 33 d2 4c 8d 05 e6
0x00007ffac97077d7:   f0 01 00 8d 4a 03 e8 de 2e 00 00 bb 00 f8 00 00
0x00007ffac97077e7:   66 89 1d 0a 3c 02 00 0f b7 c3 23 c7 48 8b 8c 24
0x00007ffac97077f7:   50 01 00 00 48 33 cc e8 4d 32 00 00 48 8b 9c 24
0x00007ffac9707807:   70 01 00 00 48 81 c4 60 01 00 00 5f c3 cc cc cc
0x00007ffac9707817:   cc cc cc cc cc cc cc cc cc 48 83 ec 28 48 8b 0d
0x00007ffac9707827:   b5 3a 02 00 e8 50 05 00 00 48 8b 0d a9 3a 02 00
0x00007ffac9707837:   ba 30 00 00 00 e8 77 31 00 00 48 c7 05 94 3a 02
0x00007ffac9707847:   00 00 00 00 00 48 83 c4 28 c3 cc cc cc cc cc cc
0x00007ffac9707857:   cc cc cc cc cc cc cc cc cc 48 89 6c 24 18 56 48
0x00007ffac9707867:   83 ec 20 48 8b f1 48 8b ea 48 8b 49 08 48 85 c9
0x00007ffac9707877:   74 4b 48 8b 01 48 89 5c 24 30 48 89 7c 24 38 ff
0x00007ffac9707887:   50 20 33 db 8b f8 85 c0 74 18 48 8b 4e 08 8b d3
0x00007ffac9707897:   4c 8b 01 41 ff 50 78 48 3b c5 74 1d ff c3 3b df
0x00007ffac97078a7:   72 e8 33 c0 48 8b 5c 24 30 48 8b 7c 24 38 48 8b
0x00007ffac97078b7:   6c 24 40 48 83 c4 20 5e c3 8b c3 eb e7 48 8b 6c
0x00007ffac97078c7:   24 40 33 c0 48 83 c4 20 5e c3 cc cc cc cc cc cc
0x00007ffac97078d7:   cc cc cc cc cc cc cc cc cc 48 89 5c 24 08 48 89
0x00007ffac97078e7:   74 24 10 57 41 56 41 57 48 83 ec 30 33 db 8b f2
0x00007ffac97078f7:   4d 8b f8 48 8b f9 3b 11 0f 83 c4 00 00 00 48 8b
0x00007ffac9707907:   49 20 48 85 c9 0f 84 b7 00 00 00 48 8d 14 76 4c
0x00007ffac9707917:   8d 34 d5 00 00 00 00 41 8b 44 0e 08 83 f8 ff 0f
0x00007ffac9707927:   84 9d 00 00 00 85 c0 0f 85 86 00 00 00 48 89 5c
0x00007ffac9707937:   24 68 49 39 1c 0e 74 07 bb 05 40 00 80 eb 54 8b
0x00007ffac9707947:   d6 48 8b cf e8 70 fb ff ff 8b d8 85 c0 78 2e 44
0x00007ffac9707957:   0f b6 4f 28 48 8d 44 24 68 48 8b 57 10 44 8b c6
0x00007ffac9707967:   48 8b 4f 08 48 89 44 24 20 e8 6b 98 ff ff 8b d8
0x00007ffac9707977:   85 c0 79 1f 4c 8d 05 4e f6 01 00 eb 07 4c 8d 05
0x00007ffac9707987:   85 f6 01 00 ba 01 00 00 00 44 8b ce 8b ca e8 26 


Stack slot to memory mapping:
stack at sp + 0 slots: 0x0 is NULL
stack at sp + 1 slots: 0x000001ea051b4d20 points into unknown readable memory: 0x6d6f635f00000002 | 02 00 00 00 5f 63 6f 6d
stack at sp + 2 slots: 0x000001ea04f1d6d0 points into unknown readable memory: 0x000000070a736ab8 | b8 6a 73 0a 07 00 00 00
stack at sp + 3 slots: 0x000000000928074d is an unknown value
stack at sp + 4 slots: 0x0 is NULL
stack at sp + 5 slots: 0x000001ea66d41366 is at code_begin+1958 in an Interpreter codelet
method entry point (kind = native)  [0x000001ea66d40bc0, 0x000001ea66d41ce0]  4384 bytes
stack at sp + 6 slots: {method} {0x000001ea03281780} 'nGetAdapterOrdinal' '(J)I' in 'com/sun/prism/d3d/D3DPipeline'
stack at sp + 7 slots: 0x0000000000000001 is an unknown value


---------------  P R O C E S S  ---------------

Threads class SMR info:
_java_thread_list=0x000001ea03f9bd50, length=30, elements={
0x000001ea02b82ef0, 0x000001ea02b83d60, 0x000001ea02b950c0, 0x000001ea02b95c70,
0x000001ea02b98630, 0x000001ea02b9c4e0, 0x000001ea02b9d1c0, 0x000001ea02b9e840,
0x000001ea03524470, 0x000001ea03667110, 0x000001ea036713b0, 0x000001ea0367e950,
0x000001ea03a7f3a0, 0x000001ea03a7e3b0, 0x000001ea5f2495b0, 0x000001ea051bdfe0,
0x000001ea051c0190, 0x000001ea051bdb10, 0x000001ea051bf7f0, 0x000001ea051bee50,
0x000001ea051c0660, 0x000001ea051c1000, 0x000001ea0ebdc850, 0x000001ea0ebe1080,
0x000001ea0ebdb9e0, 0x000001ea0ebde530, 0x000001ea0ebe1a20, 0x000001ea0ebe23c0,
0x000001ea0ebdc380, 0x000001ea0ebdf3a0
}

Java Threads: ( => current thread )
  0x000001ea02b82ef0 JavaThread "Reference Handler" daemon [_thread_blocked, id=10956, stack(0x0000001dc6700000,0x0000001dc6800000)]
  0x000001ea02b83d60 JavaThread "Finalizer" daemon [_thread_blocked, id=24380, stack(0x0000001dc6800000,0x0000001dc6900000)]
  0x000001ea02b950c0 JavaThread "Signal Dispatcher" daemon [_thread_blocked, id=27552, stack(0x0000001dc6900000,0x0000001dc6a00000)]
  0x000001ea02b95c70 JavaThread "Attach Listener" daemon [_thread_blocked, id=5620, stack(0x0000001dc6a00000,0x0000001dc6b00000)]
  0x000001ea02b98630 JavaThread "Service Thread" daemon [_thread_blocked, id=2164, stack(0x0000001dc6b00000,0x0000001dc6c00000)]
  0x000001ea02b9c4e0 JavaThread "Monitor Deflation Thread" daemon [_thread_blocked, id=8964, stack(0x0000001dc6c00000,0x0000001dc6d00000)]
  0x000001ea02b9d1c0 JavaThread "C2 CompilerThread0" daemon [_thread_blocked, id=26768, stack(0x0000001dc6d00000,0x0000001dc6e00000)]
  0x000001ea02b9e840 JavaThread "C1 CompilerThread0" daemon [_thread_blocked, id=27968, stack(0x0000001dc6e00000,0x0000001dc6f00000)]
  0x000001ea03524470 JavaThread "Sweeper thread" daemon [_thread_blocked, id=4736, stack(0x0000001dc6f00000,0x0000001dc7000000)]
  0x000001ea03667110 JavaThread "JDWP Event Helper Thread" daemon [_thread_blocked, id=27804, stack(0x0000001dc7300000,0x0000001dc7400000)]
  0x000001ea036713b0 JavaThread "Notification Thread" daemon [_thread_blocked, id=16604, stack(0x0000001dc7500000,0x0000001dc7600000)]
  0x000001ea0367e950 JavaThread "Common-Cleaner" daemon [_thread_blocked, id=2540, stack(0x0000001dc7700000,0x0000001dc7800000)]
  0x000001ea03a7f3a0 JavaThread "Java2D Disposer" daemon [_thread_blocked, id=14208, stack(0x0000001dc7800000,0x0000001dc7900000)]
  0x000001ea03a7e3b0 JavaThread "BlueJ worker thread" [_thread_blocked, id=1220, stack(0x0000001dc7c00000,0x0000001dc7d00000)]
  0x000001ea5f2495b0 JavaThread "DestroyJavaVM" [_thread_blocked, id=25516, stack(0x0000001dc6000000,0x0000001dc6100000)]
  0x000001ea051bdfe0 JavaThread "InvokeLaterDispatcher" daemon [_thread_blocked, id=19324, stack(0x0000001dc8000000,0x0000001dc8100000)]
=>0x000001ea051c0190 JavaThread "JavaFX Application Thread" [_thread_in_native, id=17940, stack(0x0000001dc8c00000,0x0000001dc8d00000)]
  0x000001ea051bdb10 JavaThread "Thread-2" daemon [_thread_in_native, id=6032, stack(0x0000001dc7900000,0x0000001dc7a00000)]
  0x000001ea051bf7f0 JavaThread "VMCommsSimulation" [_thread_in_native, id=12276, stack(0x0000001dca000000,0x0000001dca100000)]
  0x000001ea051bee50 JavaThread "Clip process" daemon [_thread_blocked, id=22648, stack(0x0000001dca200000,0x0000001dca300000)]
  0x000001ea051c0660 JavaThread "SimulationThread" [_thread_blocked, id=16140, stack(0x0000001dca700000,0x0000001dca800000)]
  0x000001ea051c1000 JavaThread "Java Sound Event Dispatcher" daemon [_thread_blocked, id=9268, stack(0x0000001dc7000000,0x0000001dc7100000)]
  0x000001ea0ebdc850 JavaThread "SoundStream:file:/C:/Users/Ryan/Documents/GitHub/final-project-greenfoot-team-f/sounds/stageOneMusic.mp3" [_thread_blocked, id=25092, stack(0x0000001dcae00000,0x0000001dcaf00000)]
  0x000001ea0ebe1080 JavaThread "main" [_thread_blocked, id=15028, stack(0x0000001dc5e00000,0x0000001dc5f00000)]
  0x000001ea0ebdb9e0 JavaThread "SoundStream:file:/C:/Users/Ryan/Documents/GitHub/final-project-greenfoot-team-f/sounds/stageOneMusic.mp3" [_thread_blocked, id=25848, stack(0x0000001dcac00000,0x0000001dcad00000)]
  0x000001ea0ebde530 JavaThread "SoundStream:file:/C:/Users/Ryan/Documents/GitHub/final-project-greenfoot-team-f/sounds/menuMusic.mp3" [_thread_blocked, id=10612, stack(0x0000001dc7b00000,0x0000001dc7c00000)]
  0x000001ea0ebe1a20 JavaThread "SoundStream:file:/C:/Users/Ryan/Documents/GitHub/final-project-greenfoot-team-f/sounds/menuMusic.mp3" [_thread_blocked, id=11824, stack(0x0000001dc7e00000,0x0000001dc7f00000)]
  0x000001ea0ebe23c0 JavaThread "SoundStream:file:/C:/Users/Ryan/Documents/GitHub/final-project-greenfoot-team-f/sounds/stageOneMusic.mp3" [_thread_blocked, id=14392, stack(0x0000001dca600000,0x0000001dca700000)]
  0x000001ea0ebdc380 JavaThread "AWT-Shutdown" [_thread_blocked, id=25688, stack(0x0000001dc5f00000,0x0000001dc6000000)]
  0x000001ea0ebdf3a0 JavaThread "AWT-EventQueue-0" [_thread_blocked, id=29176, stack(0x0000001dc7200000,0x0000001dc7300000)]

Other Threads:
  0x000001ea02b7e2f0 VMThread "VM Thread" [stack: 0x0000001dc6600000,0x0000001dc6700000] [id=348]
  0x000001ea0366b520 WatcherThread [stack: 0x0000001dc7600000,0x0000001dc7700000] [id=28684]
  0x000001ea5f2b3da0 GCTaskThread "GC Thread#0" [stack: 0x0000001dc6100000,0x0000001dc6200000] [id=15744]
  0x000001ea04e40b50 GCTaskThread "GC Thread#1" [stack: 0x0000001dc7f00000,0x0000001dc8000000] [id=29112]
  0x000001ea04e624c0 GCTaskThread "GC Thread#2" [stack: 0x0000001dc8100000,0x0000001dc8200000] [id=6600]
  0x000001ea03940430 GCTaskThread "GC Thread#3" [stack: 0x0000001dc8200000,0x0000001dc8300000] [id=21684]
  0x000001ea04e49780 GCTaskThread "GC Thread#4" [stack: 0x0000001dc8300000,0x0000001dc8400000] [id=30408]
  0x000001ea03c91000 GCTaskThread "GC Thread#5" [stack: 0x0000001dc8400000,0x0000001dc8500000] [id=29740]
  0x000001ea04e42230 GCTaskThread "GC Thread#6" [stack: 0x0000001dc8500000,0x0000001dc8600000] [id=13740]
  0x000001ea04e44730 GCTaskThread "GC Thread#7" [stack: 0x0000001dc8600000,0x0000001dc8700000] [id=2940]
  0x000001ea03794290 GCTaskThread "GC Thread#8" [stack: 0x0000001dc8700000,0x0000001dc8800000] [id=12856]
  0x000001ea04effa50 GCTaskThread "GC Thread#9" [stack: 0x0000001dc8800000,0x0000001dc8900000] [id=24656]
  0x000001ea04f00110 GCTaskThread "GC Thread#10" [stack: 0x0000001dc8900000,0x0000001dc8a00000] [id=23568]
  0x000001ea04f003c0 GCTaskThread "GC Thread#11" [stack: 0x0000001dc8a00000,0x0000001dc8b00000] [id=16272]
  0x000001ea05c83790 GCTaskThread "GC Thread#12" [stack: 0x0000001dca100000,0x0000001dca200000] [id=17412]
  0x000001ea5f2c5840 ConcurrentGCThread "G1 Main Marker" [stack: 0x0000001dc6200000,0x0000001dc6300000] [id=20596]
  0x000001ea5f2c7a00 ConcurrentGCThread "G1 Conc#0" [stack: 0x0000001dc6300000,0x0000001dc6400000] [id=16120]
  0x000001ea05c84a60 ConcurrentGCThread "G1 Conc#1" [stack: 0x0000001dca900000,0x0000001dcaa00000] [id=10876]
  0x000001ea05c834e0 ConcurrentGCThread "G1 Conc#2" [stack: 0x0000001dcaa00000,0x0000001dcab00000] [id=7292]
  0x000001ea5f31e720 ConcurrentGCThread "G1 Refine#0" [stack: 0x0000001dc6400000,0x0000001dc6500000] [id=2684]
  0x000001ea02a36760 ConcurrentGCThread "G1 Service" [stack: 0x0000001dc6500000,0x0000001dc6600000] [id=14144]

Threads with active compile tasks:

VM state: not at safepoint (normal execution)

VM Mutex/Monitor currently owned by a thread: None

Heap address: 0x0000000704a00000, size: 4022 MB, Compressed Oops mode: Zero based, Oop shift amount: 3

CDS archive(s) mapped at: [0x0000000800000000-0x0000000800bc0000-0x0000000800bc0000), size 12320768, SharedBaseAddress: 0x0000000800000000, ArchiveRelocationMode: 0.
Compressed class space mapped at: 0x0000000800c00000-0x0000000840c00000, reserved size: 1073741824
Narrow klass base: 0x0000000800000000, Narrow klass shift: 0, Narrow klass range: 0x100000000

GC Precious Log:
 CPUs: 16 total, 16 available
 Memory: 16081M
 Large Page Support: Disabled
 NUMA Support: Disabled
 Compressed Oops: Enabled (Zero based)
 Heap Region Size: 2M
 Heap Min Capacity: 8M
 Heap Initial Capacity: 252M
 Heap Max Capacity: 4022M
 Pre-touch: Disabled
 Parallel Workers: 13
 Concurrent Workers: 3
 Concurrent Refinement Workers: 13
 Periodic GC: Disabled

Heap:
 garbage-first heap   total 131072K, used 75449K [0x0000000704a00000, 0x0000000800000000)
  region size 2048K, 21 young (43008K), 1 survivors (2048K)
 Metaspace       used 12472K, committed 12736K, reserved 1064960K
  class space    used 1167K, committed 1280K, reserved 1048576K

Heap Regions: E=young(eden), S=young(survivor), O=old, HS=humongous(starts), HC=humongous(continues), CS=collection set, F=free, OA=open archive, CA=closed archive, TAMS=top-at-mark-start (previous, next)
|   0|0x0000000704a00000, 0x0000000704c00000, 0x0000000704c00000|100%| O|  |TAMS 0x0000000704c00000, 0x0000000704a00000| Untracked 
|   1|0x0000000704c00000, 0x0000000704dec1a8, 0x0000000704e00000| 96%| O|  |TAMS 0x0000000704dec1a8, 0x0000000704c00000| Untracked 
|   2|0x0000000704e00000, 0x0000000704ffffb8, 0x0000000705000000| 99%| O|  |TAMS 0x0000000704ffffb8, 0x0000000704e00000| Untracked 
|   3|0x0000000705000000, 0x00000007051c4820, 0x0000000705200000| 88%| O|  |TAMS 0x0000000705000000, 0x0000000705000000| Untracked 
|   4|0x0000000705200000, 0x00000007053ffff8, 0x0000000705400000| 99%| O|  |TAMS 0x00000007053ffff8, 0x0000000705200000| Untracked 
|   5|0x0000000705400000, 0x00000007055fa2e0, 0x0000000705600000| 98%| O|  |TAMS 0x00000007055fa2e0, 0x0000000705400000| Untracked 
|   6|0x0000000705600000, 0x00000007057fffc8, 0x0000000705800000| 99%| O|  |TAMS 0x00000007057fffc8, 0x0000000705600000| Untracked 
|   7|0x0000000705800000, 0x00000007059f8fd8, 0x0000000705a00000| 98%| O|  |TAMS 0x00000007059f8fd8, 0x0000000705800000| Untracked 
|   8|0x0000000705a00000, 0x0000000705bffff0, 0x0000000705c00000| 99%| O|  |TAMS 0x0000000705bffff0, 0x0000000705a00000| Untracked 
|   9|0x0000000705c00000, 0x0000000705df22c0, 0x0000000705e00000| 97%| O|  |TAMS 0x0000000705df22c0, 0x0000000705c00000| Untracked 
|  10|0x0000000705e00000, 0x0000000705fff558, 0x0000000706000000| 99%| O|  |TAMS 0x0000000705fff558, 0x0000000705e00000| Untracked 
|  11|0x0000000706000000, 0x00000007061fefa8, 0x0000000706200000| 99%| O|  |TAMS 0x00000007061fefa8, 0x0000000706000000| Untracked 
|  12|0x0000000706200000, 0x00000007063709e8, 0x0000000706400000| 71%| O|  |TAMS 0x0000000706200000, 0x0000000706200000| Untracked 
|  13|0x0000000706400000, 0x00000007065f5ce0, 0x0000000706600000| 98%| O|  |TAMS 0x00000007065f5ce0, 0x0000000706400000| Untracked 
|  14|0x0000000706600000, 0x0000000706787a60, 0x0000000706800000| 76%| O|  |TAMS 0x0000000706600000, 0x0000000706600000| Untracked 
|  15|0x0000000706800000, 0x00000007069fd1c0, 0x0000000706a00000| 99%| O|  |TAMS 0x00000007069fd1c0, 0x0000000706800000| Untracked 
|  16|0x0000000706a00000, 0x0000000706be5b40, 0x0000000706c00000| 94%| O|  |TAMS 0x0000000706a00000, 0x0000000706a00000| Untracked 
|  17|0x0000000706c00000, 0x0000000706d6dbf0, 0x0000000706e00000| 71%| O|  |TAMS 0x0000000706c00000, 0x0000000706c00000| Untracked 
|  18|0x0000000706e00000, 0x0000000706e00000, 0x0000000707000000|  0%| F|  |TAMS 0x0000000706e00000, 0x0000000706e00000| Untracked 
|  19|0x0000000707000000, 0x0000000707000000, 0x0000000707200000|  0%| F|  |TAMS 0x0000000707000000, 0x0000000707000000| Untracked 
|  20|0x0000000707200000, 0x0000000707200000, 0x0000000707400000|  0%| F|  |TAMS 0x0000000707200000, 0x0000000707200000| Untracked 
|  21|0x0000000707400000, 0x0000000707400000, 0x0000000707600000|  0%| F|  |TAMS 0x0000000707400000, 0x0000000707400000| Untracked 
|  22|0x0000000707600000, 0x0000000707600000, 0x0000000707800000|  0%| F|  |TAMS 0x0000000707600000, 0x0000000707600000| Untracked 
|  23|0x0000000707800000, 0x0000000707800000, 0x0000000707a00000|  0%| F|  |TAMS 0x0000000707800000, 0x0000000707800000| Untracked 
|  24|0x0000000707a00000, 0x0000000707a00000, 0x0000000707c00000|  0%| F|  |TAMS 0x0000000707a00000, 0x0000000707a00000| Untracked 
|  25|0x0000000707c00000, 0x0000000707c00000, 0x0000000707e00000|  0%| F|  |TAMS 0x0000000707c00000, 0x0000000707c00000| Untracked 
|  26|0x0000000707e00000, 0x0000000707e02040, 0x0000000708000000|  0%| S|CS|TAMS 0x0000000707e00000, 0x0000000707e00000| Complete 
|  27|0x0000000708000000, 0x0000000708000000, 0x0000000708200000|  0%| F|  |TAMS 0x0000000708000000, 0x0000000708000000| Untracked 
|  28|0x0000000708200000, 0x0000000708200000, 0x0000000708400000|  0%| F|  |TAMS 0x0000000708200000, 0x0000000708200000| Untracked 
|  29|0x0000000708400000, 0x0000000708400000, 0x0000000708600000|  0%| F|  |TAMS 0x0000000708400000, 0x0000000708400000| Untracked 
|  30|0x0000000708600000, 0x0000000708600000, 0x0000000708800000|  0%| F|  |TAMS 0x0000000708600000, 0x0000000708600000| Untracked 
|  31|0x0000000708800000, 0x0000000708800000, 0x0000000708a00000|  0%| F|  |TAMS 0x0000000708800000, 0x0000000708800000| Untracked 
|  32|0x0000000708a00000, 0x0000000708a00000, 0x0000000708c00000|  0%| F|  |TAMS 0x0000000708a00000, 0x0000000708a00000| Untracked 
|  33|0x0000000708c00000, 0x0000000708c00000, 0x0000000708e00000|  0%| F|  |TAMS 0x0000000708c00000, 0x0000000708c00000| Untracked 
|  34|0x0000000708e00000, 0x0000000708e00000, 0x0000000709000000|  0%| F|  |TAMS 0x0000000708e00000, 0x0000000708e00000| Untracked 
|  35|0x0000000709000000, 0x0000000709000000, 0x0000000709200000|  0%| F|  |TAMS 0x0000000709000000, 0x0000000709000000| Untracked 
|  36|0x0000000709200000, 0x00000007093d9858, 0x0000000709400000| 92%| O|  |TAMS 0x0000000709200000, 0x0000000709200000| Untracked 
|  37|0x0000000709400000, 0x0000000709400000, 0x0000000709600000|  0%| F|  |TAMS 0x0000000709400000, 0x0000000709400000| Untracked 
|  38|0x0000000709600000, 0x0000000709600000, 0x0000000709800000|  0%| F|  |TAMS 0x0000000709600000, 0x0000000709600000| Untracked 
|  39|0x0000000709800000, 0x0000000709800000, 0x0000000709a00000|  0%| F|  |TAMS 0x0000000709800000, 0x0000000709800000| Untracked 
|  40|0x0000000709a00000, 0x0000000709a00000, 0x0000000709c00000|  0%| F|  |TAMS 0x0000000709a00000, 0x0000000709a00000| Untracked 
|  41|0x0000000709c00000, 0x0000000709c00000, 0x0000000709e00000|  0%| F|  |TAMS 0x0000000709c00000, 0x0000000709c00000| Untracked 
|  42|0x0000000709e00000, 0x0000000709e00000, 0x000000070a000000|  0%| F|  |TAMS 0x0000000709e00000, 0x0000000709e00000| Untracked 
|  43|0x000000070a000000, 0x000000070a000000, 0x000000070a200000|  0%| F|  |TAMS 0x000000070a000000, 0x000000070a000000| Untracked 
|  44|0x000000070a200000, 0x000000070a400000, 0x000000070a400000|100%| E|  |TAMS 0x000000070a200000, 0x000000070a200000| Complete 
|  45|0x000000070a400000, 0x000000070a600000, 0x000000070a600000|100%| E|CS|TAMS 0x000000070a400000, 0x000000070a400000| Complete 
|  46|0x000000070a600000, 0x000000070a800000, 0x000000070a800000|100%| E|CS|TAMS 0x000000070a600000, 0x000000070a600000| Complete 
|  47|0x000000070a800000, 0x000000070aa00000, 0x000000070aa00000|100%| E|CS|TAMS 0x000000070a800000, 0x000000070a800000| Complete 
|  48|0x000000070aa00000, 0x000000070ac00000, 0x000000070ac00000|100%| E|CS|TAMS 0x000000070aa00000, 0x000000070aa00000| Complete 
|  49|0x000000070ac00000, 0x000000070ae00000, 0x000000070ae00000|100%| E|CS|TAMS 0x000000070ac00000, 0x000000070ac00000| Complete 
|  50|0x000000070ae00000, 0x000000070b000000, 0x000000070b000000|100%| E|CS|TAMS 0x000000070ae00000, 0x000000070ae00000| Complete 
|  51|0x000000070b000000, 0x000000070b200000, 0x000000070b200000|100%| E|CS|TAMS 0x000000070b000000, 0x000000070b000000| Complete 
|  52|0x000000070b200000, 0x000000070b400000, 0x000000070b400000|100%| E|CS|TAMS 0x000000070b200000, 0x000000070b200000| Complete 
|  53|0x000000070b400000, 0x000000070b600000, 0x000000070b600000|100%| E|CS|TAMS 0x000000070b400000, 0x000000070b400000| Complete 
|  54|0x000000070b600000, 0x000000070b800000, 0x000000070b800000|100%| E|CS|TAMS 0x000000070b600000, 0x000000070b600000| Complete 
|  55|0x000000070b800000, 0x000000070ba00000, 0x000000070ba00000|100%| E|CS|TAMS 0x000000070b800000, 0x000000070b800000| Complete 
|  56|0x000000070ba00000, 0x000000070bc00000, 0x000000070bc00000|100%| E|CS|TAMS 0x000000070ba00000, 0x000000070ba00000| Complete 
|  57|0x000000070bc00000, 0x000000070be00000, 0x000000070be00000|100%| E|CS|TAMS 0x000000070bc00000, 0x000000070bc00000| Complete 
|  58|0x000000070be00000, 0x000000070c000000, 0x000000070c000000|100%| E|CS|TAMS 0x000000070be00000, 0x000000070be00000| Complete 
|  59|0x000000070c000000, 0x000000070c200000, 0x000000070c200000|100%| E|CS|TAMS 0x000000070c000000, 0x000000070c000000| Complete 
|  60|0x000000070c200000, 0x000000070c400000, 0x000000070c400000|100%| E|CS|TAMS 0x000000070c200000, 0x000000070c200000| Complete 
|  61|0x000000070c400000, 0x000000070c600000, 0x000000070c600000|100%| E|CS|TAMS 0x000000070c400000, 0x000000070c400000| Complete 
|  62|0x000000070c600000, 0x000000070c800000, 0x000000070c800000|100%| E|CS|TAMS 0x000000070c600000, 0x000000070c600000| Complete 
|  63|0x000000070c800000, 0x000000070ca00000, 0x000000070ca00000|100%| E|CS|TAMS 0x000000070c800000, 0x000000070c800000| Complete 

Card table byte_map: [0x000001ea76da0000,0x000001ea77580000] _byte_map_base: 0x000001ea7357b000

Marking Bits (Prev, Next): (CMBitMap*) 0x000001ea5f2b43f0, (CMBitMap*) 0x000001ea5f2b43b0
 Prev Bits: [0x000001ea7bc40000, 0x000001ea7fb18000)
 Next Bits: [0x000001ea77d60000, 0x000001ea7bc38000)

Polling page: 0x000001ea5d1b0000

Metaspace:

Usage:
  Non-class:     11.04 MB used.
      Class:      1.14 MB used.
       Both:     12.18 MB used.

Virtual space:
  Non-class space:       16.00 MB reserved,      11.19 MB ( 70%) committed,  2 nodes.
      Class space:        1.00 GB reserved,       1.25 MB ( <1%) committed,  1 nodes.
             Both:        1.02 GB reserved,      12.44 MB (  1%) committed. 

Chunk freelists:
   Non-Class:  386.00 KB
       Class:  2.58 MB
        Both:  2.96 MB

MaxMetaspaceSize: unlimited
CompressedClassSpaceSize: 1.00 GB
Initial GC threshold: 21.00 MB
Current GC threshold: 21.00 MB
CDS: on
MetaspaceReclaimPolicy: balanced
 - commit_granule_bytes: 65536.
 - commit_granule_words: 8192.
 - virtual_space_node_default_size: 1048576.
 - enlarge_chunks_in_place: 1.
 - new_chunks_are_fully_committed: 0.
 - uncommit_free_chunks: 1.
 - use_allocation_guard: 0.
 - handle_deallocations: 1.


Internal statistics:

num_allocs_failed_limit: 0.
num_arena_births: 216.
num_arena_deaths: 4.
num_vsnodes_births: 3.
num_vsnodes_deaths: 0.
num_space_committed: 199.
num_space_uncommitted: 0.
num_chunks_returned_to_freelist: 10.
num_chunks_taken_from_freelist: 474.
num_chunk_merges: 0.
num_chunk_splits: 289.
num_chunks_enlarged: 198.
num_purges: 4.
num_inconsistent_stats: 0.

CodeHeap 'non-profiled nmethods': size=119168Kb used=2666Kb max_used=2861Kb free=116501Kb
 bounds [0x000001ea6e8d0000, 0x000001ea6eba0000, 0x000001ea75d30000]
CodeHeap 'profiled nmethods': size=119104Kb used=6535Kb max_used=7325Kb free=112568Kb
 bounds [0x000001ea67480000, 0x000001ea67bb0000, 0x000001ea6e8d0000]
CodeHeap 'non-nmethods': size=7488Kb used=1401Kb max_used=3112Kb free=6086Kb
 bounds [0x000001ea66d30000, 0x000001ea67040000, 0x000001ea67480000]
 total_blobs=3961 nmethods=3292 adapters=581
 compilation: enabled
              stopped_count=0, restarted_count=0
 full_count=0

Compilation events (20 events):
Event: 1421.363 Thread 0x000001ea02b9d1c0 3922 %     4       greenfoot.vmcomm.VMCommsSimulation$1::run @ 0 (10 bytes)
Event: 1421.367 Thread 0x000001ea02b9d1c0 nmethod 3922% 0x000001ea6eaef210 code [0x000001ea6eaef3a0, 0x000001ea6eaef468]
Event: 2707.766 Thread 0x000001ea02b9e840 3923   !   3       java.lang.ThreadGroup::remove (94 bytes)
Event: 2707.768 Thread 0x000001ea02b9e840 nmethod 3923 0x000001ea67908290 code [0x000001ea67908480, 0x000001ea67908b08]
Event: 2713.160 Thread 0x000001ea02b9e840 3924       3       MenuScreen::animateBreathingSpace (162 bytes)
Event: 2713.160 Thread 0x000001ea02b9e840 nmethod 3924 0x000001ea67999990 code [0x000001ea67999bc0, 0x000001ea6799a1b8]
Event: 4262.397 Thread 0x000001ea02b9e840 3925       3       java.util.HashSet::isEmpty (8 bytes)
Event: 4262.397 Thread 0x000001ea02b9e840 nmethod 3925 0x000001ea67907d90 code [0x000001ea67907f20, 0x000001ea67908178]
Event: 4755.499 Thread 0x000001ea02b9e840 3926       3       java.lang.Thread::checkAccess (14 bytes)
Event: 4755.499 Thread 0x000001ea02b9e840 nmethod 3926 0x000001ea67907790 code [0x000001ea67907940, 0x000001ea67907c68]
Event: 6988.836 Thread 0x000001ea02b9d1c0 3927       4       java.util.Arrays$ArrayItr::hasNext (18 bytes)
Event: 6988.839 Thread 0x000001ea02b9d1c0 nmethod 3927 0x000001ea6eaeef10 code [0x000001ea6eaef080, 0x000001ea6eaef138]
Event: 6995.509 Thread 0x000001ea02b9e840 3928       1       java.util.concurrent.CopyOnWriteArrayList::setArray (6 bytes)
Event: 6995.510 Thread 0x000001ea02b9e840 nmethod 3928 0x000001ea6eaeec10 code [0x000001ea6eaeeda0, 0x000001ea6eaeeeb8]
Event: 6995.512 Thread 0x000001ea02b9e840 3930       3       jdk.internal.org.objectweb.asm.ClassReader::<init> (371 bytes)
Event: 6995.517 Thread 0x000001ea02b9e840 nmethod 3930 0x000001ea67905a90 code [0x000001ea67905da0, 0x000001ea679071f8]
Event: 6995.517 Thread 0x000001ea02b9e840 3929       3       java.lang.invoke.MethodHandles$Lookup$ClassFile::readUnsignedShort (39 bytes)
Event: 6995.518 Thread 0x000001ea02b9e840 nmethod 3929 0x000001ea67905590 code [0x000001ea67905740, 0x000001ea67905968]
Event: 6995.518 Thread 0x000001ea02b9e840 3931       1       jdk.internal.org.objectweb.asm.ClassReader::getMaxStringLength (5 bytes)
Event: 6995.518 Thread 0x000001ea02b9e840 nmethod 3931 0x000001ea6eaee910 code [0x000001ea6eaeeaa0, 0x000001ea6eaeeb78]

GC Heap History (20 events):
Event: 1040.067 GC heap before
{Heap before GC invocations=891 (full 35):
 garbage-first heap   total 204800K, used 174306K [0x0000000704a00000, 0x0000000800000000)
  region size 2048K, 24 young (49152K), 1 survivors (2048K)
 Metaspace       used 12407K, committed 12736K, reserved 1064960K
  class space    used 1157K, committed 1280K, reserved 1048576K
}
Event: 1040.068 GC heap after
{Heap after GC invocations=892 (full 35):
 garbage-first heap   total 204800K, used 128322K [0x0000000704a00000, 0x0000000800000000)
  region size 2048K, 1 young (2048K), 1 survivors (2048K)
 Metaspace       used 12407K, committed 12736K, reserved 1064960K
  class space    used 1157K, committed 1280K, reserved 1048576K
}
Event: 1040.404 GC heap before
{Heap before GC invocations=892 (full 35):
 garbage-first heap   total 204800K, used 167234K [0x0000000704a00000, 0x0000000800000000)
  region size 2048K, 22 young (45056K), 1 survivors (2048K)
 Metaspace       used 12408K, committed 12736K, reserved 1064960K
  class space    used 1157K, committed 1280K, reserved 1048576K
}
Event: 1040.413 GC heap after
{Heap after GC invocations=893 (full 36):
 garbage-first heap   total 163840K, used 41739K [0x0000000704a00000, 0x0000000800000000)
  region size 2048K, 0 young (0K), 0 survivors (0K)
 Metaspace       used 12408K, committed 12736K, reserved 1064960K
  class space    used 1157K, committed 1280K, reserved 1048576K
}
Event: 1040.516 GC heap before
{Heap before GC invocations=893 (full 36):
 garbage-first heap   total 163840K, used 41739K [0x0000000704a00000, 0x0000000800000000)
  region size 2048K, 1 young (2048K), 0 survivors (0K)
 Metaspace       used 12408K, committed 12736K, reserved 1064960K
  class space    used 1157K, committed 1280K, reserved 1048576K
}
Event: 1040.524 GC heap after
{Heap after GC invocations=894 (full 37):
 garbage-first heap   total 151552K, used 41610K [0x0000000704a00000, 0x0000000800000000)
  region size 2048K, 0 young (0K), 0 survivors (0K)
 Metaspace       used 12408K, committed 12736K, reserved 1064960K
  class space    used 1157K, committed 1280K, reserved 1048576K
}
Event: 1040.554 GC heap before
{Heap before GC invocations=894 (full 37):
 garbage-first heap   total 151552K, used 45706K [0x0000000704a00000, 0x0000000800000000)
  region size 2048K, 4 young (8192K), 0 survivors (0K)
 Metaspace       used 12408K, committed 12736K, reserved 1064960K
  class space    used 1157K, committed 1280K, reserved 1048576K
}
Event: 1040.561 GC heap after
{Heap after GC invocations=895 (full 38):
 garbage-first heap   total 151552K, used 43536K [0x0000000704a00000, 0x0000000800000000)
  region size 2048K, 0 young (0K), 0 survivors (0K)
 Metaspace       used 12408K, committed 12736K, reserved 1064960K
  class space    used 1157K, committed 1280K, reserved 1048576K
}
Event: 2712.355 GC heap before
{Heap before GC invocations=895 (full 38):
 garbage-first heap   total 151552K, used 125456K [0x0000000704a00000, 0x0000000800000000)
  region size 2048K, 41 young (83968K), 0 survivors (0K)
 Metaspace       used 12408K, committed 12736K, reserved 1064960K
  class space    used 1157K, committed 1280K, reserved 1048576K
}
Event: 2712.357 GC heap after
{Heap after GC invocations=896 (full 38):
 garbage-first heap   total 151552K, used 45738K [0x0000000704a00000, 0x0000000800000000)
  region size 2048K, 2 young (4096K), 2 survivors (4096K)
 Metaspace       used 12408K, committed 12736K, reserved 1064960K
  class space    used 1157K, committed 1280K, reserved 1048576K
}
Event: 2713.004 GC heap before
{Heap before GC invocations=896 (full 38):
 garbage-first heap   total 151552K, used 123562K [0x0000000704a00000, 0x0000000800000000)
  region size 2048K, 41 young (83968K), 2 survivors (4096K)
 Metaspace       used 12408K, committed 12736K, reserved 1064960K
  class space    used 1157K, committed 1280K, reserved 1048576K
}
Event: 2713.005 GC heap after
{Heap after GC invocations=897 (full 38):
 garbage-first heap   total 151552K, used 44798K [0x0000000704a00000, 0x0000000800000000)
  region size 2048K, 1 young (2048K), 1 survivors (2048K)
 Metaspace       used 12408K, committed 12736K, reserved 1064960K
  class space    used 1157K, committed 1280K, reserved 1048576K
}
Event: 2713.620 GC heap before
{Heap before GC invocations=897 (full 38):
 garbage-first heap   total 151552K, used 118526K [0x0000000704a00000, 0x0000000800000000)
  region size 2048K, 39 young (79872K), 1 survivors (2048K)
 Metaspace       used 12408K, committed 12736K, reserved 1064960K
  class space    used 1157K, committed 1280K, reserved 1048576K
}
Event: 2713.634 GC heap after
{Heap after GC invocations=898 (full 39):
 garbage-first heap   total 143360K, used 36600K [0x0000000704a00000, 0x0000000800000000)
  region size 2048K, 0 young (0K), 0 survivors (0K)
 Metaspace       used 12408K, committed 12736K, reserved 1064960K
  class space    used 1157K, committed 1280K, reserved 1048576K
}
Event: 2713.739 GC heap before
{Heap before GC invocations=898 (full 39):
 garbage-first heap   total 143360K, used 36600K [0x0000000704a00000, 0x0000000800000000)
  region size 2048K, 1 young (2048K), 0 survivors (0K)
 Metaspace       used 12408K, committed 12736K, reserved 1064960K
  class space    used 1157K, committed 1280K, reserved 1048576K
}
Event: 2713.749 GC heap after
{Heap after GC invocations=899 (full 40):
 garbage-first heap   total 131072K, used 34716K [0x0000000704a00000, 0x0000000800000000)
  region size 2048K, 0 young (0K), 0 survivors (0K)
 Metaspace       used 12408K, committed 12736K, reserved 1064960K
  class space    used 1157K, committed 1280K, reserved 1048576K
}
Event: 2713.806 GC heap before
{Heap before GC invocations=899 (full 40):
 garbage-first heap   total 131072K, used 38812K [0x0000000704a00000, 0x0000000800000000)
  region size 2048K, 4 young (8192K), 0 survivors (0K)
 Metaspace       used 12408K, committed 12736K, reserved 1064960K
  class space    used 1157K, committed 1280K, reserved 1048576K
}
Event: 2713.815 GC heap after
{Heap after GC invocations=900 (full 41):
 garbage-first heap   total 131072K, used 36529K [0x0000000704a00000, 0x0000000800000000)
  region size 2048K, 0 young (0K), 0 survivors (0K)
 Metaspace       used 12408K, committed 12736K, reserved 1064960K
  class space    used 1157K, committed 1280K, reserved 1048576K
}
Event: 5654.899 GC heap before
{Heap before GC invocations=900 (full 41):
 garbage-first heap   total 131072K, used 110257K [0x0000000704a00000, 0x0000000800000000)
  region size 2048K, 36 young (73728K), 0 survivors (0K)
 Metaspace       used 12409K, committed 12736K, reserved 1064960K
  class space    used 1157K, committed 1280K, reserved 1048576K
}
Event: 5654.900 GC heap after
{Heap after GC invocations=901 (full 41):
 garbage-first heap   total 131072K, used 36537K [0x0000000704a00000, 0x0000000800000000)
  region size 2048K, 1 young (2048K), 1 survivors (2048K)
 Metaspace       used 12409K, committed 12736K, reserved 1064960K
  class space    used 1157K, committed 1280K, reserved 1048576K
}

Deoptimization events (20 events):
Event: 6986.286 Thread 0x000001ea051c0190 DEOPT PACKING pc=0x000001ea6eaead60 sp=0x0000001dc8cfe9f0
Event: 6986.286 Thread 0x000001ea051c0190 DEOPT UNPACKING pc=0x000001ea66d823a3 sp=0x0000001dc8cfe898 mode 2
Event: 6987.644 Thread 0x000001ea051c0190 Uncommon trap: trap_request=0xffffffc6 fr.pc=0x000001ea6ea9c31c relative=0x000000000000007c
Event: 6987.644 Thread 0x000001ea051c0190 Uncommon trap: reason=bimorphic_or_optimized_type_check action=maybe_recompile pc=0x000001ea6ea9c31c method=java.util.AbstractCollection.isEmpty()Z @ 1 c2
Event: 6987.644 Thread 0x000001ea051c0190 DEOPT PACKING pc=0x000001ea6ea9c31c sp=0x0000001dc8cfe800
Event: 6987.644 Thread 0x000001ea051c0190 DEOPT UNPACKING pc=0x000001ea66d823a3 sp=0x0000001dc8cfe7a0 mode 2
Event: 6987.644 Thread 0x000001ea051c0190 Uncommon trap: trap_request=0xffffffc6 fr.pc=0x000001ea6ea9c31c relative=0x000000000000007c
Event: 6987.644 Thread 0x000001ea051c0190 Uncommon trap: reason=bimorphic_or_optimized_type_check action=maybe_recompile pc=0x000001ea6ea9c31c method=java.util.AbstractCollection.isEmpty()Z @ 1 c2
Event: 6987.644 Thread 0x000001ea051c0190 DEOPT PACKING pc=0x000001ea6ea9c31c sp=0x0000001dc8cfe7a0
Event: 6987.645 Thread 0x000001ea051c0190 DEOPT UNPACKING pc=0x000001ea66d823a3 sp=0x0000001dc8cfe740 mode 2
Event: 6987.645 Thread 0x000001ea051c0190 Uncommon trap: trap_request=0xffffffc6 fr.pc=0x000001ea6ea9c31c relative=0x000000000000007c
Event: 6987.645 Thread 0x000001ea051c0190 Uncommon trap: reason=bimorphic_or_optimized_type_check action=maybe_recompile pc=0x000001ea6ea9c31c method=java.util.AbstractCollection.isEmpty()Z @ 1 c2
Event: 6987.645 Thread 0x000001ea051c0190 DEOPT PACKING pc=0x000001ea6ea9c31c sp=0x0000001dc8cfe800
Event: 6987.645 Thread 0x000001ea051c0190 DEOPT UNPACKING pc=0x000001ea66d823a3 sp=0x0000001dc8cfe7a0 mode 2
Event: 6995.514 Thread 0x000001ea051be4b0 Uncommon trap: trap_request=0xffffff45 fr.pc=0x000001ea6e977948 relative=0x0000000000000048
Event: 6995.514 Thread 0x000001ea051be4b0 Uncommon trap: reason=unstable_if action=reinterpret pc=0x000001ea6e977948 method=java.lang.Thread.interrupted()Z @ 10 c2
Event: 6995.514 Thread 0x000001ea051be4b0 DEOPT PACKING pc=0x000001ea6e977948 sp=0x0000001dc8bfed40
Event: 6995.514 Thread 0x000001ea051be4b0 DEOPT UNPACKING pc=0x000001ea66d823a3 sp=0x0000001dc8bfecd0 mode 2
Event: 6995.515 Thread 0x000001ea0ebdd1f0 DEOPT PACKING pc=0x000001ea6764354c sp=0x0000001dca8ff610
Event: 6995.515 Thread 0x000001ea0ebdd1f0 DEOPT UNPACKING pc=0x000001ea66d82b43 sp=0x0000001dca8fea70 mode 1

Classes unloaded (11 events):
Event: 723.515 Thread 0x000001ea02b7e2f0 Unloading class 0x0000000800d1e000 'InstructionScreen$$Lambda$140+0x0000000800d1e000'
Event: 723.515 Thread 0x000001ea02b7e2f0 Unloading class 0x0000000800d1cbc8 'ScreenSelect$$Lambda$139+0x0000000800d1cbc8'
Event: 723.515 Thread 0x000001ea02b7e2f0 Unloading class 0x0000000800d1c9a8 'ScreenSelect$$Lambda$138+0x0000000800d1c9a8'
Event: 723.515 Thread 0x000001ea02b7e2f0 Unloading class 0x0000000800d1c660 'InstructionScreen'
Event: 723.515 Thread 0x000001ea02b7e2f0 Unloading class 0x0000000800d1c320 'FightWorld'
Event: 723.515 Thread 0x000001ea02b7e2f0 Unloading class 0x0000000800d1c000 'Button'
Event: 723.515 Thread 0x000001ea02b7e2f0 Unloading class 0x0000000800d1b400 'MusicManager'
Event: 723.515 Thread 0x000001ea02b7e2f0 Unloading class 0x0000000800d1bb40 'ScreenSelect'
Event: 723.515 Thread 0x000001ea02b7e2f0 Unloading class 0x0000000800d1b800 'MenuScreen'
Event: 854.869 Thread 0x000001ea02b7e2f0 Unloading class 0x0000000800d24340 'ScreenSelect'
Event: 854.869 Thread 0x000001ea02b7e2f0 Unloading class 0x0000000800d24000 'MenuScreen'

Classes redefined (0 events):
No events

Internal exceptions (20 events):
Event: 9.181 Thread 0x000001ea03948be0 Implicit null exception at 0x000001ea6e9051f7 to 0x000001ea6e90580c
Event: 14.244 Thread 0x000001ea051bf7f0 Implicit null exception at 0x000001ea6e960380 to 0x000001ea6e961a90
Event: 21.642 Thread 0x000001ea051bd640 Exception <a 'java/lang/NoSuchMethodError'{0x0000000708cee480}: 'java.lang.Object java.lang.invoke.DirectMethodHandle$Holder.invokeSpecial(java.lang.Object, java.lang.Object, int, int, int, int)'> (0x0000000708cee480) 
thrown [s\src\hotspot\share\interpreter\linkResolver.cpp, line 759]
Event: 21.643 Thread 0x000001ea051bd640 Exception <a 'java/lang/NoSuchMethodError'{0x0000000708cf1818}: 'java.lang.Object java.lang.invoke.Invokers$Holder.linkToTargetMethod(int, int, int, int, java.lang.Object)'> (0x0000000708cf1818) 
thrown [s\src\hotspot\share\interpreter\linkResolver.cpp, line 759]
Event: 46.884 Thread 0x000001ea051bf7f0 Exception <a 'java/lang/NoSuchMethodError'{0x000000070d8eba30}: 'void java.lang.invoke.DirectMethodHandle$Holder.invokeSpecial(java.lang.Object, java.lang.Object, int)'> (0x000000070d8eba30) 
thrown [s\src\hotspot\share\interpreter\linkResolver.cpp, line 759]
Event: 46.885 Thread 0x000001ea051bf7f0 Exception <a 'java/lang/NoSuchMethodError'{0x000000070d8f5b40}: 'java.lang.Object java.lang.invoke.DirectMethodHandle$Holder.newInvokeSpecial(java.lang.Object, java.lang.Object, int)'> (0x000000070d8f5b40) 
thrown [s\src\hotspot\share\interpreter\linkResolver.cpp, line 759]
Event: 46.922 Thread 0x000001ea051c0660 Implicit null exception at 0x000001ea6ea23a18 to 0x000001ea6ea23d4e
Event: 46.922 Thread 0x000001ea051c0660 Implicit null exception at 0x000001ea6ea10e9a to 0x000001ea6ea11135
Event: 125.844 Thread 0x000001ea051c0660 Exception <a 'java/lang/InterruptedException'{0x000000070d9aaf10}: sleep interrupted> (0x000000070d9aaf10) 
thrown [s\src\hotspot\share\prims\jvm.cpp, line 3070]
Event: 125.965 Thread 0x000001ea051c0660 Implicit null exception at 0x000001ea6eb1ec7c to 0x000001ea6eb1fb48
Event: 136.283 Thread 0x000001ea051c0660 Implicit null exception at 0x000001ea6eabffbb to 0x000001ea6eac9c48
Event: 156.643 Thread 0x000001ea051c0660 Exception <a 'java/lang/InterruptedException'{0x0000000708516f88}: sleep interrupted> (0x0000000708516f88) 
thrown [s\src\hotspot\share\prims\jvm.cpp, line 3070]
Event: 202.675 Thread 0x000001ea051c0660 Exception <a 'java/lang/InterruptedException'{0x000000070851ab98}: sleep interrupted> (0x000000070851ab98) 
thrown [s\src\hotspot\share\prims\jvm.cpp, line 3070]
Event: 204.520 Thread 0x000001ea03bba3b0 Exception <a 'java/lang/NoSuchMethodError'{0x00000007085eb528}: 'void java.lang.invoke.DirectMethodHandle$Holder.invokeInterface(java.lang.Object, java.lang.Object)'> (0x00000007085eb528) 
thrown [s\src\hotspot\share\interpreter\linkResolver.cpp, line 759]
Event: 223.236 Thread 0x000001ea051c0660 Exception <a 'java/lang/NoSuchMethodError'{0x0000000707661128}: 'void java.lang.invoke.DirectMethodHandle$Holder.invokeVirtual(java.lang.Object, java.lang.Object)'> (0x0000000707661128) 
thrown [s\src\hotspot\share\interpreter\linkResolver.cpp, line 759]
Event: 292.626 Thread 0x000001ea051c0660 Implicit null exception at 0x000001ea6eaf8e6a to 0x000001ea6eafae98
Event: 391.491 Thread 0x000001ea0367e950 Implicit null exception at 0x000001ea6eb0a0a7 to 0x000001ea6eb0a7b6
Event: 827.618 Thread 0x000001ea051c0660 Exception <a 'java/lang/InterruptedException'{0x000000070f1d5f48}: sleep interrupted> (0x000000070f1d5f48) 
thrown [s\src\hotspot\share\prims\jvm.cpp, line 3070]
Event: 873.661 Thread 0x000001ea051c0660 Exception <a 'java/lang/InterruptedException'{0x000000070d1e0270}: sleep interrupted> (0x000000070d1e0270) 
thrown [s\src\hotspot\share\prims\jvm.cpp, line 3070]
Event: 2713.619 Thread 0x000001ea051c0660 Exception <a 'java/lang/InterruptedException'{0x000000070dd8b850}: sleep interrupted> (0x000000070dd8b850) 
thrown [s\src\hotspot\share\prims\jvm.cpp, line 3070]

VM Operations (20 events):
Event: 6995.502 Executing VM operation: ChangeBreakpoints
Event: 6995.503 Executing VM operation: ChangeBreakpoints done
Event: 6995.503 Executing VM operation: ChangeBreakpoints
Event: 6995.503 Executing VM operation: ChangeBreakpoints done
Event: 6995.503 Executing VM operation: ChangeBreakpoints
Event: 6995.503 Executing VM operation: ChangeBreakpoints done
Event: 6995.503 Executing VM operation: ChangeBreakpoints
Event: 6995.504 Executing VM operation: ChangeBreakpoints done
Event: 6995.504 Executing VM operation: ChangeBreakpoints
Event: 6995.504 Executing VM operation: ChangeBreakpoints done
Event: 6995.504 Executing VM operation: ChangeBreakpoints
Event: 6995.504 Executing VM operation: ChangeBreakpoints done
Event: 6995.504 Executing VM operation: ChangeBreakpoints
Event: 6995.504 Executing VM operation: ChangeBreakpoints done
Event: 6995.504 Executing VM operation: ChangeBreakpoints
Event: 6995.505 Executing VM operation: ChangeBreakpoints done
Event: 6995.505 Executing VM operation: ChangeBreakpoints
Event: 6995.505 Executing VM operation: ChangeBreakpoints done
Event: 6995.505 Executing VM operation: ChangeBreakpoints
Event: 6995.505 Executing VM operation: ChangeBreakpoints done

Events (20 events):
Event: 6987.643 loading class java/util/AbstractList$SubList
Event: 6987.644 loading class java/util/AbstractList$SubList done
Event: 6987.644 loading class java/util/AbstractList$RandomAccessSubList done
Event: 6988.580 Thread 0x000001ea0ebe0bb0 Thread exited: 0x000001ea0ebe0bb0
Event: 6988.743 Thread 0x000001ea0ebdd6c0 Thread added: 0x000001ea0ebdd6c0
Event: 6988.848 Thread 0x000001ea0ebe0210 Thread added: 0x000001ea0ebe0210
Event: 6990.001 Thread 0x000001ea0ebdd6c0 Thread exited: 0x000001ea0ebdd6c0
Event: 6990.001 Thread 0x000001ea0ebe0210 Thread exited: 0x000001ea0ebe0210
Event: 6992.214 Thread 0x000001ea0ebdc380 Thread added: 0x000001ea0ebdc380
Event: 6995.502 Thread 0x000001ea03667a10 Thread exited: 0x000001ea03667a10
Event: 6995.507 Thread 0x000001ea0ebdb040 Thread added: 0x000001ea0ebdb040
Event: 6995.507 Thread 0x000001ea0ebddb90 Thread added: 0x000001ea0ebddb90
Event: 6995.507 Thread 0x000001ea0ebdcd20 Thread added: 0x000001ea0ebdcd20
Event: 6995.507 Thread 0x000001ea0ebdd1f0 Thread added: 0x000001ea0ebdd1f0
Event: 6995.510 Thread 0x000001ea03663c70 Thread exited: 0x000001ea03663c70
Event: 6995.510 Thread 0x000001ea0ebdb040 Thread exited: 0x000001ea0ebdb040
Event: 6995.510 Thread 0x000001ea0ebdcd20 Thread exited: 0x000001ea0ebdcd20
Event: 6995.515 Thread 0x000001ea0ebdd1f0 Thread exited: 0x000001ea0ebdd1f0
Event: 6995.802 Thread 0x000001ea0ebdf3a0 Thread added: 0x000001ea0ebdf3a0
Event: 6995.910 Thread 0x000001ea051be4b0 Thread exited: 0x000001ea051be4b0


Dynamic libraries:
0x00007ff60c240000 - 0x00007ff60c24e000 	C:\Program Files\Greenfoot\jdk\bin\java.exe
0x00007ffb211b0000 - 0x00007ffb213a8000 	C:\Windows\SYSTEM32\ntdll.dll
0x00007ffb1fc10000 - 0x00007ffb1fcd2000 	C:\Windows\System32\KERNEL32.DLL
0x00007ffb1eed0000 - 0x00007ffb1f1ce000 	C:\Windows\System32\KERNELBASE.dll
0x00007ffb1eac0000 - 0x00007ffb1ebc0000 	C:\Windows\System32\ucrtbase.dll
0x00007ffaf6ce0000 - 0x00007ffaf6cf8000 	C:\Program Files\Greenfoot\jdk\bin\jli.dll
0x00007ffb0e960000 - 0x00007ffb0e979000 	C:\Program Files\Greenfoot\jdk\bin\VCRUNTIME140.dll
0x00007ffb1f1d0000 - 0x00007ffb1f36d000 	C:\Windows\System32\USER32.dll
0x00007ffaf1080000 - 0x00007ffaf131a000 	C:\Windows\WinSxS\amd64_microsoft.windows.common-controls_6595b64144ccf1df_6.0.19041.4355_none_60b8b9eb71f62e16\COMCTL32.dll
0x00007ffb1e850000 - 0x00007ffb1e872000 	C:\Windows\System32\win32u.dll
0x00007ffb20620000 - 0x00007ffb206be000 	C:\Windows\System32\msvcrt.dll
0x00007ffb20e30000 - 0x00007ffb20e5b000 	C:\Windows\System32\GDI32.dll
0x00007ffb1e880000 - 0x00007ffb1e997000 	C:\Windows\System32\gdi32full.dll
0x00007ffb1e9f0000 - 0x00007ffb1ea8d000 	C:\Windows\System32\msvcp_win.dll
0x00007ffb1f370000 - 0x00007ffb1f39f000 	C:\Windows\System32\IMM32.DLL
0x00007ffb0edd0000 - 0x00007ffb0eddc000 	C:\Program Files\Greenfoot\jdk\bin\vcruntime140_1.dll
0x00007ffacaeb0000 - 0x00007ffacaf41000 	C:\Program Files\Greenfoot\jdk\bin\msvcp140.dll
0x00007ffa92ab0000 - 0x00007ffa936f6000 	C:\Program Files\Greenfoot\jdk\bin\server\jvm.dll
0x00007ffb1fb50000 - 0x00007ffb1fc01000 	C:\Windows\System32\ADVAPI32.dll
0x00007ffb20420000 - 0x00007ffb204bf000 	C:\Windows\System32\sechost.dll
0x00007ffb1f400000 - 0x00007ffb1f523000 	C:\Windows\System32\RPCRT4.dll
0x00007ffb1ea90000 - 0x00007ffb1eab7000 	C:\Windows\System32\bcrypt.dll
0x00007ffb210e0000 - 0x00007ffb210e8000 	C:\Windows\System32\PSAPI.DLL
0x00007ffb0ebb0000 - 0x00007ffb0ebb9000 	C:\Windows\SYSTEM32\WSOCK32.dll
0x00007ffb10cd0000 - 0x00007ffb10cf7000 	C:\Windows\SYSTEM32\WINMM.dll
0x00007ffb204c0000 - 0x00007ffb2052b000 	C:\Windows\System32\WS2_32.dll
0x00007ffb0b5b0000 - 0x00007ffb0b5ba000 	C:\Windows\SYSTEM32\VERSION.dll
0x00007ffb1d030000 - 0x00007ffb1d042000 	C:\Windows\SYSTEM32\kernel.appcore.dll
0x00007ffaea560000 - 0x00007ffaea56a000 	C:\Program Files\Greenfoot\jdk\bin\jimage.dll
0x00007ffb1c440000 - 0x00007ffb1c624000 	C:\Windows\SYSTEM32\DBGHELP.DLL
0x00007ffb10690000 - 0x00007ffb106c4000 	C:\Windows\SYSTEM32\dbgcore.DLL
0x00007ffb1ece0000 - 0x00007ffb1ed62000 	C:\Windows\System32\bcryptPrimitives.dll
0x00007ffac5770000 - 0x00007ffac57ab000 	C:\Program Files\Greenfoot\jdk\bin\jdwp.dll
0x00007ffade040000 - 0x00007ffade065000 	C:\Program Files\Greenfoot\jdk\bin\java.dll
0x00007ffacac30000 - 0x00007ffacad06000 	C:\Program Files\Greenfoot\jdk\bin\jsvml.dll
0x00007ffb206c0000 - 0x00007ffb20e2d000 	C:\Windows\System32\SHELL32.dll
0x00007ffb1c630000 - 0x00007ffb1cdd4000 	C:\Windows\SYSTEM32\windows.storage.dll
0x00007ffb1f740000 - 0x00007ffb1fa93000 	C:\Windows\System32\combase.dll
0x00007ffb1e0d0000 - 0x00007ffb1e0fe000 	C:\Windows\SYSTEM32\Wldp.dll
0x00007ffb20550000 - 0x00007ffb2061d000 	C:\Windows\System32\OLEAUT32.dll
0x00007ffb20f00000 - 0x00007ffb20fad000 	C:\Windows\System32\SHCORE.dll
0x00007ffb1f3a0000 - 0x00007ffb1f3f5000 	C:\Windows\System32\shlwapi.dll
0x00007ffb1e780000 - 0x00007ffb1e7a4000 	C:\Windows\SYSTEM32\profapi.dll
0x00007ffadc190000 - 0x00007ffadc19b000 	C:\Program Files\Greenfoot\jdk\bin\dt_shmem.dll
0x00007ffade230000 - 0x00007ffade249000 	C:\Program Files\Greenfoot\jdk\bin\net.dll
0x00007ffb1a7c0000 - 0x00007ffb1a8cd000 	C:\Windows\SYSTEM32\WINHTTP.dll
0x00007ffb1deb0000 - 0x00007ffb1df1a000 	C:\Windows\system32\mswsock.dll
0x00007ffaddc70000 - 0x00007ffaddc85000 	C:\Program Files\Greenfoot\jdk\bin\nio.dll
0x00007ffad9020000 - 0x00007ffad9038000 	C:\Program Files\Greenfoot\jdk\bin\zip.dll
0x00007ffac4950000 - 0x00007ffac4ade000 	C:\Program Files\Greenfoot\jdk\bin\awt.dll
0x00007ffb1a4a0000 - 0x00007ffb1a534000 	C:\Windows\SYSTEM32\apphelp.dll
0x00007ffb1bc80000 - 0x00007ffb1bd1e000 	C:\Windows\system32\uxtheme.dll
0x00007ffb20fc0000 - 0x00007ffb210d5000 	C:\Windows\System32\MSCTF.dll
0x00007ffb1fce0000 - 0x00007ffb1fe0b000 	C:\Windows\System32\ole32.dll
0x00007ffb1e110000 - 0x00007ffb1e128000 	C:\Windows\SYSTEM32\CRYPTSP.dll
0x00007ffb1d7f0000 - 0x00007ffb1d824000 	C:\Windows\system32\rsaenh.dll
0x00007ffb1e740000 - 0x00007ffb1e76e000 	C:\Windows\SYSTEM32\USERENV.dll
0x00007ffb1e040000 - 0x00007ffb1e04c000 	C:\Windows\SYSTEM32\CRYPTBASE.dll
0x00007ffb1dbb0000 - 0x00007ffb1dbeb000 	C:\Windows\SYSTEM32\IPHLPAPI.DLL
0x00007ffb20fb0000 - 0x00007ffb20fb8000 	C:\Windows\System32\NSI.dll
0x00007ffb18270000 - 0x00007ffb18287000 	C:\Windows\SYSTEM32\dhcpcsvc6.DLL
0x00007ffb181c0000 - 0x00007ffb181dd000 	C:\Windows\SYSTEM32\dhcpcsvc.DLL
0x00007ffb1dbf0000 - 0x00007ffb1dcba000 	C:\Windows\SYSTEM32\DNSAPI.dll
0x00007ffb1c070000 - 0x00007ffb1c09f000 	C:\Windows\system32\DWMAPI.DLL
0x00007ffaba2e0000 - 0x00007ffaba408000 	C:\Windows\system32\opengl32.dll
0x00007ffad7340000 - 0x00007ffad736c000 	C:\Windows\SYSTEM32\GLU32.dll
0x000001ea02bf0000 - 0x000001ea02bf3000 	C:\Users\Ryan\.openjfx\cache\20.0.1+2\amd64\api-ms-win-core-console-l1-1-0.dll
0x000001ea04350000 - 0x000001ea04353000 	C:\Users\Ryan\.openjfx\cache\20.0.1+2\amd64\api-ms-win-core-console-l1-2-0.dll
0x000001ea04360000 - 0x000001ea04363000 	C:\Users\Ryan\.openjfx\cache\20.0.1+2\amd64\api-ms-win-core-datetime-l1-1-0.dll
0x000001ea04370000 - 0x000001ea04373000 	C:\Users\Ryan\.openjfx\cache\20.0.1+2\amd64\api-ms-win-core-debug-l1-1-0.dll
0x000001ea04380000 - 0x000001ea04383000 	C:\Users\Ryan\.openjfx\cache\20.0.1+2\amd64\api-ms-win-core-errorhandling-l1-1-0.dll
0x000001ea060b0000 - 0x000001ea060b4000 	C:\Users\Ryan\.openjfx\cache\20.0.1+2\amd64\api-ms-win-core-file-l1-1-0.dll
0x000001ea060c0000 - 0x000001ea060c3000 	C:\Users\Ryan\.openjfx\cache\20.0.1+2\amd64\api-ms-win-core-file-l1-2-0.dll
0x000001ea060d0000 - 0x000001ea060d3000 	C:\Users\Ryan\.openjfx\cache\20.0.1+2\amd64\api-ms-win-core-file-l2-1-0.dll
0x000001ea060e0000 - 0x000001ea060e3000 	C:\Users\Ryan\.openjfx\cache\20.0.1+2\amd64\api-ms-win-core-handle-l1-1-0.dll
0x000001ea060f0000 - 0x000001ea060f3000 	C:\Users\Ryan\.openjfx\cache\20.0.1+2\amd64\api-ms-win-core-heap-l1-1-0.dll
0x000001ea06100000 - 0x000001ea06103000 	C:\Users\Ryan\.openjfx\cache\20.0.1+2\amd64\api-ms-win-core-interlocked-l1-1-0.dll
0x000001ea06110000 - 0x000001ea06113000 	C:\Users\Ryan\.openjfx\cache\20.0.1+2\amd64\api-ms-win-core-libraryloader-l1-1-0.dll
0x000001ea06120000 - 0x000001ea06123000 	C:\Users\Ryan\.openjfx\cache\20.0.1+2\amd64\api-ms-win-core-localization-l1-2-0.dll
0x000001ea06130000 - 0x000001ea06133000 	C:\Users\Ryan\.openjfx\cache\20.0.1+2\amd64\api-ms-win-core-memory-l1-1-0.dll
0x000001ea06140000 - 0x000001ea06143000 	C:\Users\Ryan\.openjfx\cache\20.0.1+2\amd64\api-ms-win-core-namedpipe-l1-1-0.dll
0x000001ea06150000 - 0x000001ea06153000 	C:\Users\Ryan\.openjfx\cache\20.0.1+2\amd64\api-ms-win-core-processenvironment-l1-1-0.dll
0x000001ea06160000 - 0x000001ea06163000 	C:\Users\Ryan\.openjfx\cache\20.0.1+2\amd64\api-ms-win-core-processthreads-l1-1-0.dll
0x000001ea06170000 - 0x000001ea06173000 	C:\Users\Ryan\.openjfx\cache\20.0.1+2\amd64\api-ms-win-core-processthreads-l1-1-1.dll
0x000001ea06180000 - 0x000001ea06183000 	C:\Users\Ryan\.openjfx\cache\20.0.1+2\amd64\api-ms-win-core-profile-l1-1-0.dll
0x000001ea06190000 - 0x000001ea06193000 	C:\Users\Ryan\.openjfx\cache\20.0.1+2\amd64\api-ms-win-core-rtlsupport-l1-1-0.dll
0x000001ea061a0000 - 0x000001ea061a3000 	C:\Users\Ryan\.openjfx\cache\20.0.1+2\amd64\api-ms-win-core-string-l1-1-0.dll
0x000001ea061b0000 - 0x000001ea061b3000 	C:\Users\Ryan\.openjfx\cache\20.0.1+2\amd64\api-ms-win-core-synch-l1-1-0.dll
0x000001ea061c0000 - 0x000001ea061c3000 	C:\Users\Ryan\.openjfx\cache\20.0.1+2\amd64\api-ms-win-core-synch-l1-2-0.dll
0x000001ea061d0000 - 0x000001ea061d3000 	C:\Users\Ryan\.openjfx\cache\20.0.1+2\amd64\api-ms-win-core-sysinfo-l1-1-0.dll
0x000001ea061e0000 - 0x000001ea061e3000 	C:\Users\Ryan\.openjfx\cache\20.0.1+2\amd64\api-ms-win-core-timezone-l1-1-0.dll
0x000001ea061f0000 - 0x000001ea061f3000 	C:\Users\Ryan\.openjfx\cache\20.0.1+2\amd64\api-ms-win-core-util-l1-1-0.dll
0x000001ea06200000 - 0x000001ea06203000 	C:\Users\Ryan\.openjfx\cache\20.0.1+2\amd64\api-ms-win-crt-conio-l1-1-0.dll
0x000001ea06210000 - 0x000001ea06214000 	C:\Users\Ryan\.openjfx\cache\20.0.1+2\amd64\api-ms-win-crt-convert-l1-1-0.dll
0x000001ea06220000 - 0x000001ea06223000 	C:\Users\Ryan\.openjfx\cache\20.0.1+2\amd64\api-ms-win-crt-environment-l1-1-0.dll
0x000001ea06230000 - 0x000001ea06233000 	C:\Users\Ryan\.openjfx\cache\20.0.1+2\amd64\api-ms-win-crt-filesystem-l1-1-0.dll
0x000001ea06240000 - 0x000001ea06243000 	C:\Users\Ryan\.openjfx\cache\20.0.1+2\amd64\api-ms-win-crt-heap-l1-1-0.dll
0x000001ea06250000 - 0x000001ea06253000 	C:\Users\Ryan\.openjfx\cache\20.0.1+2\amd64\api-ms-win-crt-locale-l1-1-0.dll
0x000001ea06260000 - 0x000001ea06265000 	C:\Users\Ryan\.openjfx\cache\20.0.1+2\amd64\api-ms-win-crt-math-l1-1-0.dll
0x000001ea06270000 - 0x000001ea06275000 	C:\Users\Ryan\.openjfx\cache\20.0.1+2\amd64\api-ms-win-crt-multibyte-l1-1-0.dll
0x000001ea06280000 - 0x000001ea06290000 	C:\Users\Ryan\.openjfx\cache\20.0.1+2\amd64\api-ms-win-crt-private-l1-1-0.dll
0x000001ea06290000 - 0x000001ea06293000 	C:\Users\Ryan\.openjfx\cache\20.0.1+2\amd64\api-ms-win-crt-process-l1-1-0.dll
0x000001ea062a0000 - 0x000001ea062a4000 	C:\Users\Ryan\.openjfx\cache\20.0.1+2\amd64\api-ms-win-crt-runtime-l1-1-0.dll
0x000001ea062b0000 - 0x000001ea062b4000 	C:\Users\Ryan\.openjfx\cache\20.0.1+2\amd64\api-ms-win-crt-stdio-l1-1-0.dll
0x000001ea062c0000 - 0x000001ea062c4000 	C:\Users\Ryan\.openjfx\cache\20.0.1+2\amd64\api-ms-win-crt-string-l1-1-0.dll
0x000001ea062d0000 - 0x000001ea062d3000 	C:\Users\Ryan\.openjfx\cache\20.0.1+2\amd64\api-ms-win-crt-time-l1-1-0.dll
0x000001ea062e0000 - 0x000001ea062e3000 	C:\Users\Ryan\.openjfx\cache\20.0.1+2\amd64\api-ms-win-crt-utility-l1-1-0.dll
0x00007ffac57b0000 - 0x00007ffac58ac000 	C:\Users\Ryan\.openjfx\cache\20.0.1+2\amd64\ucrtbase.dll
0x00007ffad5890000 - 0x00007ffad58ab000 	C:\Users\Ryan\.openjfx\cache\20.0.1+2\amd64\vcruntime140.dll
0x00007ffaea550000 - 0x00007ffaea55c000 	C:\Users\Ryan\.openjfx\cache\20.0.1+2\amd64\vcruntime140_1.dll
0x00007ffacce30000 - 0x00007ffaccebe000 	C:\Users\Ryan\.openjfx\cache\20.0.1+2\amd64\msvcp140.dll
0x00007ffaea500000 - 0x00007ffaea509000 	C:\Users\Ryan\.openjfx\cache\20.0.1+2\amd64\msvcp140_1.dll
0x00007ffaccdd0000 - 0x00007ffacce00000 	C:\Users\Ryan\.openjfx\cache\20.0.1+2\amd64\msvcp140_2.dll
0x00007ffac9700000 - 0x00007ffac972f000 	C:\Users\Ryan\.openjfx\cache\20.0.1+2\amd64\prism_d3d.dll
0x00007ffaa9900000 - 0x00007ffaa9ad1000 	C:\Windows\system32\d3d9.dll
0x00007ffb1e9a0000 - 0x00007ffb1e9ee000 	C:\Windows\System32\CFGMGR32.dll
0x00007ffac8570000 - 0x00007ffac85b2000 	C:\Users\Ryan\.openjfx\cache\20.0.1+2\amd64\glass.dll
0x00007ffb20340000 - 0x00007ffb2041a000 	C:\Windows\System32\COMDLG32.dll
0x00007ffb13520000 - 0x00007ffb1355b000 	C:\Windows\SYSTEM32\dxcore.dll
0x00007ffada2f0000 - 0x00007ffada300000 	C:\Program Files\Greenfoot\jdk\bin\verify.dll
0x00007ffad2fe0000 - 0x00007ffad2ff1000 	C:\Program Files\Greenfoot\jdk\bin\jsound.dll
0x00007ffaba4f0000 - 0x00007ffaba58c000 	C:\Windows\SYSTEM32\DSOUND.dll
0x00007ffaecc10000 - 0x00007ffaecc36000 	C:\Windows\SYSTEM32\winmmbase.dll
0x00007ffb1e6b0000 - 0x00007ffb1e6fb000 	C:\Windows\SYSTEM32\powrprof.dll
0x00007ffb1e5e0000 - 0x00007ffb1e5f2000 	C:\Windows\SYSTEM32\UMPDC.dll
0x00007ffb1faa0000 - 0x00007ffb1fb49000 	C:\Windows\System32\clbcatq.dll
0x00007ffb16220000 - 0x00007ffb162a5000 	C:\Windows\System32\MMDevApi.dll
0x00007ffb1e570000 - 0x00007ffb1e5a3000 	C:\Windows\System32\DEVOBJ.dll

dbghelp: loaded successfully - version: 4.0.5 - missing functions: none
symbol engine: initialized successfully - sym options: 0x614 - pdb path: .;C:\Program Files\Greenfoot\jdk\bin;C:\Windows\SYSTEM32;C:\Windows\WinSxS\amd64_microsoft.windows.common-controls_6595b64144ccf1df_6.0.19041.4355_none_60b8b9eb71f62e16;C:\Program Files\Greenfoot\jdk\bin\server;C:\Users\Ryan\.openjfx\cache\20.0.1+2\amd64;C:\Windows\System32\DriverStore\FileRepository\iigd_dch.inf_amd64_d40d81098e10c636

VM Arguments:
jvm_args: -XX:MaxGCPauseMillis=50 -agentlib:jdwp=transport=dt_shmem,address=javadebug -Dfile.encoding=UTF-8 
java_command: bluej.runtime.ExecServer UTF-8
java_class_path (initial): C:\Program Files\Greenfoot\lib\greenfoot.jar;C:\Program Files\Greenfoot\lib\javafx-base-20.0.1-win.jar;C:\Program Files\Greenfoot\lib\javafx-base-20.0.1.jar;C:\Program Files\Greenfoot\lib\javafx-controls-20.0.1-win.jar;C:\Program Files\Greenfoot\lib\javafx-controls-20.0.1.jar;C:\Program Files\Greenfoot\lib\javafx-fxml-20.0.1-win.jar;C:\Program Files\Greenfoot\lib\javafx-graphics-20.0.1-win.jar;C:\Program Files\Greenfoot\lib\javafx-graphics-20.0.1.jar;C:\Program Files\Greenfoot\lib\javafx-media-20.0.1-win.jar;C:\Program Files\Greenfoot\lib\javafx-media-20.0.1.jar;C:\Program Files\Greenfoot\lib\javafx-swing-20.0.1-win.jar;C:\Program Files\Greenfoot\lib\javafx-web-20.0.1-win.jar;C:\Program Files\Greenfoot\lib\junit-4.12.jar;C:\Program Files\Greenfoot\lib\junit-jupiter-5.5.2.jar;C:\Program Files\Greenfoot\lib\junit-jupiter-api-5.5.2.jar;C:\Program Files\Greenfoot\lib\junit-jupiter-engine-5.5.2.jar;C:\Program Files\Greenfoot\lib\junit-jupiter-params-5.5.2.jar;C:\Program Files\Greenfoot\lib\junit-platform-commons-1.5.2.jar;C:\Program Files\Greenfoot\lib\junit-platform-engine-1.5.2.jar;C:\Program Files\Greenfoot\lib\junit-platform-launcher-1.5.2.jar;C:\Program Files\Greenfoot\lib\junit-platform-suite-api-1.5.2.jar;C:\Program Files\Greenfoot\lib\junit-vintage-engine-5.5.2.jar;C:\Program Files\Greenfoot\lib\hamcrest-core-1.3.jar;C:\Program Files\Greenfoot\lib\opentest4j-1.2.0.jar;C:\Program Files\Greenfoot\lib\bluej.jar;C:\Program Files\Greenfoot\lib\classgraph-4.8.90.jar;C:\Program Files\Greenfoot\lib\diffutils-1.2.1.jar;C:\Program Files\Greenfoot\lib\commons-logging-1.2.jar;C:\Program Files\Greenfoot\lib\jl1.0.1.jar;C:\Program Files\Greenfoot\lib\opencsv-2.3.jar;C:\Program Files\Greenfoot\lib\opencsv-2.4.jar;C:\Program Files\Greenfoot\lib\xom-1.3.7.jar;C:\Program Files\Greenfoot\lib\lang-stride.jar;C:\Program Files\Greenfoot\lib\nsmenufx-2.1.8.jar;C:\Program Files\Greenfoot\lib\wellbehavedfx-0.3.3.jar;C:\Program Files\Greenfoot\lib\guava-17.0.j
Launcher Type: SUN_STANDARD

[Global flags]
     intx CICompilerCount                          = 12                                        {product} {ergonomic}
     uint ConcGCThreads                            = 3                                         {product} {ergonomic}
     uint G1ConcRefinementThreads                  = 13                                        {product} {ergonomic}
   size_t G1HeapRegionSize                         = 2097152                                   {product} {ergonomic}
    uintx GCDrainStackTargetSize                   = 64                                        {product} {ergonomic}
   size_t InitialHeapSize                          = 264241152                                 {product} {ergonomic}
   size_t MarkStackSize                            = 4194304                                   {product} {ergonomic}
    uintx MaxGCPauseMillis                         = 50                                        {product} {command line}
   size_t MaxHeapSize                              = 4217372672                                {product} {ergonomic}
   size_t MaxNewSize                               = 2529165312                                {product} {ergonomic}
   size_t MinHeapDeltaBytes                        = 2097152                                   {product} {ergonomic}
   size_t MinHeapSize                              = 8388608                                   {product} {ergonomic}
    uintx NonNMethodCodeHeapSize                   = 7602480                                {pd product} {ergonomic}
    uintx NonProfiledCodeHeapSize                  = 122027880                              {pd product} {ergonomic}
    uintx ProfiledCodeHeapSize                     = 122027880                              {pd product} {ergonomic}
    uintx ReservedCodeCacheSize                    = 251658240                              {pd product} {ergonomic}
     bool SegmentedCodeCache                       = true                                      {product} {ergonomic}
   size_t SoftMaxHeapSize                          = 4217372672                             {manageable} {ergonomic}
     bool UseCompressedClassPointers               = true                           {product lp64_product} {ergonomic}
     bool UseCompressedOops                        = true                           {product lp64_product} {ergonomic}
     bool UseG1GC                                  = true                                      {product} {ergonomic}
     bool UseLargePagesIndividualAllocation        = false                                  {pd product} {ergonomic}

Logging:
Log output configuration:
 #0: stdout all=warning uptime,level,tags
 #1: stderr all=off uptime,level,tags

Environment Variables:
JAVA_HOME=C:\Program Files\Eclipse Adoptium\jdk-17.0.12.7-hotspot\
PATH=C:\Program Files\Common Files\Oracle\Java\javapath;C:\Program Files\Eclipse Adoptium\jdk-17.0.12.7-hotspot\bin;C:\Windows\system32;C:\Windows;C:\Windows\System32\Wbem;C:\Windows\System32\WindowsPowerShell\v1.0\;C:\Windows\System32\OpenSSH\;C:\Program Files\dotnet\;C:\Program Files\Git\cmd;C:\Users\Ryan\AppData\Local\Microsoft\WindowsApps;C:\Users\Ryan\AppData\Local\GitHubDesktop\bin;C:\Users\Ryan\AppData\Local\Programs\Microsoft VS Code\bin
USERNAME=Ryan
OS=Windows_NT
PROCESSOR_IDENTIFIER=Intel64 Family 6 Model 154 Stepping 3, GenuineIntel
TMP=C:\Users\Ryan\AppData\Local\Temp
TEMP=C:\Users\Ryan\AppData\Local\Temp



---------------  S Y S T E M  ---------------

OS:
 Windows 10 , 64 bit Build 19041 (10.0.19041.5198)
OS uptime: 29 days 10:05 hours
Hyper-V role detected

CPU: total 16 (initial active 16) (8 cores per cpu, 2 threads per core) family 6 model 154 stepping 3 microcode 0x429, cx8, cmov, fxsr, ht, mmx, 3dnowpref, sse, sse2, sse3, ssse3, sse4.1, sse4.2, popcnt, lzcnt, tsc, tscinvbit, avx, avx2, aes, erms, clmul, bmi1, bmi2, adx, sha, fma, vzeroupper, clflush, clflushopt, clwb, hv

Memory: 4k page, system-wide physical 16081M (7099M free)
TotalPageFile size 24360M (AvailPageFile size 11867M)
current process WorkingSet (physical memory assigned to process): 151M, peak: 380M
current process commit charge ("private bytes"): 298M, peak: 460M

vm_info: OpenJDK 64-Bit Server VM (17.0.4.1+1) for windows-amd64 JRE (17.0.4.1+1), built on Aug 17 2022 07:42:43 by "temurin" with MS VC++ 16.7 (VS2019)

END.
